 [LOGGER] 2024-10-03 02:31:41.156 PM error : uncaughtException: listen EADDRINUSE: address already in use :::5000
Error: listen EADDRINUSE: address already in use :::5000
    at Server.setupListenHandle [as _listen2] (node:net:1817:16)
    at listenInCluster (node:net:1865:12)
    at Server.listen (node:net:1953:7)
    at Function.listen (D:\project\template project\express-ts\node_modules\express\lib\application.js:635:24)
    at Object.<anonymous> (D:\project\template project\express-ts\src\index.ts:11:5)
    at Module._compile (node:internal/modules/cjs/loader:1256:14)
    at Module.m._compile (D:\project\template project\express-ts\node_modules\ts-node\src\index.ts:1618:23)
    at Module._extensions..js (node:internal/modules/cjs/loader:1310:10)
    at Object.require.extensions.<computed> [as .ts] (D:\project\template project\express-ts\node_modules\ts-node\src\index.ts:1621:12)
    at Module.load (node:internal/modules/cjs/loader:1119:32)
 [LOGGER] 2024-10-03 02:31:48.808 PM error : uncaughtException: listen EADDRINUSE: address already in use :::5000
Error: listen EADDRINUSE: address already in use :::5000
    at Server.setupListenHandle [as _listen2] (node:net:1817:16)
    at listenInCluster (node:net:1865:12)
    at Server.listen (node:net:1953:7)
    at Function.listen (D:\project\template project\express-ts\node_modules\express\lib\application.js:635:24)
    at Object.<anonymous> (D:\project\template project\express-ts\src\index.ts:11:5)
    at Module._compile (node:internal/modules/cjs/loader:1256:14)
    at Module.m._compile (D:\project\template project\express-ts\node_modules\ts-node\src\index.ts:1618:23)
    at Module._extensions..js (node:internal/modules/cjs/loader:1310:10)
    at Object.require.extensions.<computed> [as .ts] (D:\project\template project\express-ts\node_modules\ts-node\src\index.ts:1621:12)
    at Module.load (node:internal/modules/cjs/loader:1119:32)
 [LOGGER] 2024-10-03 06:38:17.486 PM error : Error pada file src/controllers/user.controller.ts: registerUser - duplicate key value violates unique constraint "users_email_key"
 [LOGGER] 2024-10-03 06:41:24.720 PM error : Error pada file src/controllers/user.controller.ts: registerUser - duplicate key value violates unique constraint "users_email_key"
 [LOGGER] 2024-10-03 06:47:44.314 PM error : Error pada file src/controllers/user.controller.ts: registerUser - duplicate key value violates unique constraint "users_email_key"
 [LOGGER] 2024-10-03 07:20:59.242 PM error : uncaughtException: listen EADDRINUSE: address already in use :::5000
Error: listen EADDRINUSE: address already in use :::5000
    at Server.setupListenHandle [as _listen2] (node:net:1817:16)
    at listenInCluster (node:net:1865:12)
    at Server.listen (node:net:1953:7)
    at Function.listen (D:\project\template project\express-ts\node_modules\express\lib\application.js:635:24)
    at Object.<anonymous> (D:\project\template project\express-ts\src\index.ts:11:5)
    at Module._compile (node:internal/modules/cjs/loader:1256:14)
    at Module.m._compile (D:\project\template project\express-ts\node_modules\ts-node\src\index.ts:1618:23)
    at Module._extensions..js (node:internal/modules/cjs/loader:1310:10)
    at Object.require.extensions.<computed> [as .ts] (D:\project\template project\express-ts\node_modules\ts-node\src\index.ts:1621:12)
    at Module.load (node:internal/modules/cjs/loader:1119:32)
 [LOGGER] 2024-10-03 07:20:59.723 PM error : uncaughtException: listen EADDRINUSE: address already in use :::5000
Error: listen EADDRINUSE: address already in use :::5000
    at Server.setupListenHandle [as _listen2] (node:net:1817:16)
    at listenInCluster (node:net:1865:12)
    at Server.listen (node:net:1953:7)
    at Function.listen (D:\project\template project\express-ts\node_modules\express\lib\application.js:635:24)
    at Object.<anonymous> (D:\project\template project\express-ts\src\index.ts:11:5)
    at Module._compile (node:internal/modules/cjs/loader:1256:14)
    at Module.m._compile (D:\project\template project\express-ts\node_modules\ts-node\src\index.ts:1618:23)
    at Module._extensions..js (node:internal/modules/cjs/loader:1310:10)
    at Object.require.extensions.<computed> [as .ts] (D:\project\template project\express-ts\node_modules\ts-node\src\index.ts:1621:12)
    at Module.load (node:internal/modules/cjs/loader:1119:32)
 [LOGGER] 2024-10-03 07:21:03.418 PM error : uncaughtException: listen EADDRINUSE: address already in use :::5000
Error: listen EADDRINUSE: address already in use :::5000
    at Server.setupListenHandle [as _listen2] (node:net:1817:16)
    at listenInCluster (node:net:1865:12)
    at Server.listen (node:net:1953:7)
    at Function.listen (D:\project\template project\express-ts\node_modules\express\lib\application.js:635:24)
    at Object.<anonymous> (D:\project\template project\express-ts\src\index.ts:11:5)
    at Module._compile (node:internal/modules/cjs/loader:1256:14)
    at Module.m._compile (D:\project\template project\express-ts\node_modules\ts-node\src\index.ts:1618:23)
    at Module._extensions..js (node:internal/modules/cjs/loader:1310:10)
    at Object.require.extensions.<computed> [as .ts] (D:\project\template project\express-ts\node_modules\ts-node\src\index.ts:1621:12)
    at Module.load (node:internal/modules/cjs/loader:1119:32)
 [LOGGER] 2024-10-03 07:21:06.536 PM error : uncaughtException: listen EADDRINUSE: address already in use :::5000
Error: listen EADDRINUSE: address already in use :::5000
    at Server.setupListenHandle [as _listen2] (node:net:1817:16)
    at listenInCluster (node:net:1865:12)
    at Server.listen (node:net:1953:7)
    at Function.listen (D:\project\template project\express-ts\node_modules\express\lib\application.js:635:24)
    at Object.<anonymous> (D:\project\template project\express-ts\src\index.ts:11:5)
    at Module._compile (node:internal/modules/cjs/loader:1256:14)
    at Module.m._compile (D:\project\template project\express-ts\node_modules\ts-node\src\index.ts:1618:23)
    at Module._extensions..js (node:internal/modules/cjs/loader:1310:10)
    at Object.require.extensions.<computed> [as .ts] (D:\project\template project\express-ts\node_modules\ts-node\src\index.ts:1621:12)
    at Module.load (node:internal/modules/cjs/loader:1119:32)
 [LOGGER] 2024-10-03 07:21:18.718 PM error : uncaughtException: listen EADDRINUSE: address already in use :::5000
Error: listen EADDRINUSE: address already in use :::5000
    at Server.setupListenHandle [as _listen2] (node:net:1817:16)
    at listenInCluster (node:net:1865:12)
    at Server.listen (node:net:1953:7)
    at Function.listen (D:\project\template project\express-ts\node_modules\express\lib\application.js:635:24)
    at Object.<anonymous> (D:\project\template project\express-ts\src\index.ts:11:5)
    at Module._compile (node:internal/modules/cjs/loader:1256:14)
    at Module.m._compile (D:\project\template project\express-ts\node_modules\ts-node\src\index.ts:1618:23)
    at Module._extensions..js (node:internal/modules/cjs/loader:1310:10)
    at Object.require.extensions.<computed> [as .ts] (D:\project\template project\express-ts\node_modules\ts-node\src\index.ts:1621:12)
    at Module.load (node:internal/modules/cjs/loader:1119:32)
 [LOGGER] 2024-10-03 07:21:21.933 PM error : uncaughtException: listen EADDRINUSE: address already in use :::5000
Error: listen EADDRINUSE: address already in use :::5000
    at Server.setupListenHandle [as _listen2] (node:net:1817:16)
    at listenInCluster (node:net:1865:12)
    at Server.listen (node:net:1953:7)
    at Function.listen (D:\project\template project\express-ts\node_modules\express\lib\application.js:635:24)
    at Object.<anonymous> (D:\project\template project\express-ts\src\index.ts:11:5)
    at Module._compile (node:internal/modules/cjs/loader:1256:14)
    at Module.m._compile (D:\project\template project\express-ts\node_modules\ts-node\src\index.ts:1618:23)
    at Module._extensions..js (node:internal/modules/cjs/loader:1310:10)
    at Object.require.extensions.<computed> [as .ts] (D:\project\template project\express-ts\node_modules\ts-node\src\index.ts:1621:12)
    at Module.load (node:internal/modules/cjs/loader:1119:32)
 [LOGGER] 2024-10-03 07:21:28.874 PM error : uncaughtException: listen EADDRINUSE: address already in use :::5000
Error: listen EADDRINUSE: address already in use :::5000
    at Server.setupListenHandle [as _listen2] (node:net:1817:16)
    at listenInCluster (node:net:1865:12)
    at Server.listen (node:net:1953:7)
    at Function.listen (D:\project\template project\express-ts\node_modules\express\lib\application.js:635:24)
    at Object.<anonymous> (D:\project\template project\express-ts\src\index.ts:11:5)
    at Module._compile (node:internal/modules/cjs/loader:1256:14)
    at Module.m._compile (D:\project\template project\express-ts\node_modules\ts-node\src\index.ts:1618:23)
    at Module._extensions..js (node:internal/modules/cjs/loader:1310:10)
    at Object.require.extensions.<computed> [as .ts] (D:\project\template project\express-ts\node_modules\ts-node\src\index.ts:1621:12)
    at Module.load (node:internal/modules/cjs/loader:1119:32)
 [LOGGER] 2024-10-03 07:21:32.093 PM error : uncaughtException: listen EADDRINUSE: address already in use :::5000
Error: listen EADDRINUSE: address already in use :::5000
    at Server.setupListenHandle [as _listen2] (node:net:1817:16)
    at listenInCluster (node:net:1865:12)
    at Server.listen (node:net:1953:7)
    at Function.listen (D:\project\template project\express-ts\node_modules\express\lib\application.js:635:24)
    at Object.<anonymous> (D:\project\template project\express-ts\src\index.ts:11:5)
    at Module._compile (node:internal/modules/cjs/loader:1256:14)
    at Module.m._compile (D:\project\template project\express-ts\node_modules\ts-node\src\index.ts:1618:23)
    at Module._extensions..js (node:internal/modules/cjs/loader:1310:10)
    at Object.require.extensions.<computed> [as .ts] (D:\project\template project\express-ts\node_modules\ts-node\src\index.ts:1621:12)
    at Module.load (node:internal/modules/cjs/loader:1119:32)
 [LOGGER] 2024-10-03 07:21:44.008 PM error : uncaughtException: listen EADDRINUSE: address already in use :::5000
Error: listen EADDRINUSE: address already in use :::5000
    at Server.setupListenHandle [as _listen2] (node:net:1817:16)
    at listenInCluster (node:net:1865:12)
    at Server.listen (node:net:1953:7)
    at Function.listen (D:\project\template project\express-ts\node_modules\express\lib\application.js:635:24)
    at Object.<anonymous> (D:\project\template project\express-ts\src\index.ts:11:5)
    at Module._compile (node:internal/modules/cjs/loader:1256:14)
    at Module.m._compile (D:\project\template project\express-ts\node_modules\ts-node\src\index.ts:1618:23)
    at Module._extensions..js (node:internal/modules/cjs/loader:1310:10)
    at Object.require.extensions.<computed> [as .ts] (D:\project\template project\express-ts\node_modules\ts-node\src\index.ts:1621:12)
    at Module.load (node:internal/modules/cjs/loader:1119:32)
 [LOGGER] 2024-10-03 07:22:39.680 PM error : uncaughtException: listen EADDRINUSE: address already in use :::5000
Error: listen EADDRINUSE: address already in use :::5000
    at Server.setupListenHandle [as _listen2] (node:net:1817:16)
    at listenInCluster (node:net:1865:12)
    at Server.listen (node:net:1953:7)
    at Function.listen (D:\project\template project\express-ts\node_modules\express\lib\application.js:635:24)
    at Object.<anonymous> (D:\project\template project\express-ts\src\index.ts:11:5)
    at Module._compile (node:internal/modules/cjs/loader:1256:14)
    at Module.m._compile (D:\project\template project\express-ts\node_modules\ts-node\src\index.ts:1618:23)
    at Module._extensions..js (node:internal/modules/cjs/loader:1310:10)
    at Object.require.extensions.<computed> [as .ts] (D:\project\template project\express-ts\node_modules\ts-node\src\index.ts:1621:12)
    at Module.load (node:internal/modules/cjs/loader:1119:32)
 [LOGGER] 2024-10-03 07:23:00.299 PM error : uncaughtException: listen EADDRINUSE: address already in use :::5000
Error: listen EADDRINUSE: address already in use :::5000
    at Server.setupListenHandle [as _listen2] (node:net:1817:16)
    at listenInCluster (node:net:1865:12)
    at Server.listen (node:net:1953:7)
    at Function.listen (D:\project\template project\express-ts\node_modules\express\lib\application.js:635:24)
    at Object.<anonymous> (D:\project\template project\express-ts\src\index.ts:11:5)
    at Module._compile (node:internal/modules/cjs/loader:1256:14)
    at Module.m._compile (D:\project\template project\express-ts\node_modules\ts-node\src\index.ts:1618:23)
    at Module._extensions..js (node:internal/modules/cjs/loader:1310:10)
    at Object.require.extensions.<computed> [as .ts] (D:\project\template project\express-ts\node_modules\ts-node\src\index.ts:1621:12)
    at Module.load (node:internal/modules/cjs/loader:1119:32)
 [LOGGER] 2024-10-03 10:42:47.592 PM error : Error pada file src/controllers/user.controller.ts: registerUser - syntax error at or near "RETURNING"
